<?xml version="1.0" encoding="UTF-8"?>
<testng-results ignored="0" total="2" passed="2" failed="0" skipped="0">
  <reporter-output>
  </reporter-output>
  <suite started-at="2026-05-14T23:22:17 IST" name="Default suite" finished-at="2026-05-14T23:22:22 IST" duration-ms="4545">
    <groups>
    </groups>
    <test started-at="2026-05-14T23:22:17 IST" name="Default test" finished-at="2026-05-14T23:22:22 IST" duration-ms="4545">
      <class name="com.ninza.hrm.api.employeetest.EmployeeTest">
        <test-method is-config="true" signature="configBS()[pri:0, instance:com.ninza.hrm.api.employeetest.EmployeeTest@247310d0]" started-at="2026-05-14T23:22:16 IST" name="configBS" finished-at="2026-05-14T23:22:17 IST" duration-ms="1426" status="PASS">
          <reporter-output>
          </reporter-output>
        </test-method> <!-- configBS -->
        <test-method signature="addEmployeeTest()[pri:0, instance:com.ninza.hrm.api.employeetest.EmployeeTest@247310d0]" started-at="2026-05-14T23:22:17 IST" name="addEmployeeTest" finished-at="2026-05-14T23:22:20 IST" duration-ms="3231" status="PASS">
          <reporter-output>
          </reporter-output>
        </test-method> <!-- addEmployeeTest -->
        <test-method signature="addEmployeeWithoutEmailTest()[pri:0, instance:com.ninza.hrm.api.employeetest.EmployeeTest@247310d0]" started-at="2026-05-14T23:22:20 IST" name="addEmployeeWithoutEmailTest" finished-at="2026-05-14T23:22:22 IST" duration-ms="1264" status="PASS">
          <reporter-output>
          </reporter-output>
        </test-method> <!-- addEmployeeWithoutEmailTest -->
        <test-method is-config="true" signature="configAS()[pri:0, instance:com.ninza.hrm.api.employeetest.EmployeeTest@247310d0]" started-at="2026-05-14T23:22:22 IST" name="configAS" finished-at="2026-05-14T23:22:22 IST" duration-ms="14" status="PASS">
          <reporter-output>
          </reporter-output>
        </test-method> <!-- configAS -->
      </class> <!-- com.ninza.hrm.api.employeetest.EmployeeTest -->
    </test> <!-- Default test -->
  </suite> <!-- Default suite -->
</testng-results>
