<?xml version="1.0" encoding="UTF-8"?>
<testng-results ignored="0" total="2" passed="2" failed="0" skipped="0">
  <reporter-output>
  </reporter-output>
  <suite started-at="2026-05-07T20:11:27 IST" name="Default suite" finished-at="2026-05-07T20:11:33 IST" duration-ms="5629">
    <groups>
    </groups>
    <test started-at="2026-05-07T20:11:27 IST" name="Default test" finished-at="2026-05-07T20:11:33 IST" duration-ms="5629">
      <class name="com.ninza.hrm.api.projecttest.ProjectTest">
        <test-method signature="addSingleProjectWithCreatedTest()[pri:0, instance:com.ninza.hrm.api.projecttest.ProjectTest@795509d9]" started-at="2026-05-07T20:11:27 IST" name="addSingleProjectWithCreatedTest" finished-at="2026-05-07T20:11:33 IST" duration-ms="5469" status="PASS">
          <reporter-output>
          </reporter-output>
        </test-method> <!-- addSingleProjectWithCreatedTest -->
        <test-method signature="createDuplicateProject()[pri:0, instance:com.ninza.hrm.api.projecttest.ProjectTest@795509d9]" started-at="2026-05-07T20:11:33 IST" name="createDuplicateProject" finished-at="2026-05-07T20:11:33 IST" depends-on-methods="com.ninza.hrm.api.projecttest.ProjectTest.addSingleProjectWithCreatedTest" duration-ms="90" status="PASS">
          <reporter-output>
          </reporter-output>
        </test-method> <!-- createDuplicateProject -->
      </class> <!-- com.ninza.hrm.api.projecttest.ProjectTest -->
    </test> <!-- Default test -->
  </suite> <!-- Default suite -->
</testng-results>
