<?xml version="1.0" encoding="UTF-8"?>
<!-- Generated by org.testng.reporters.JUnitXMLReporter -->
<testsuite ignored="2" hostname="Prem" failures="0" tests="4" name="Test" time="7.742" errors="0" timestamp="2026-05-08T12:17:31 IST">
  <testcase classname="com.ninza.hrm.api.employeetest.EmployeeTest" name="addEmployeeTest" time="3.347"/>
  <testcase classname="com.ninza.hrm.api.employeetest.EmployeeTest" name="addEmployeeWithoutEmailTest" time="2.368"/>
  <testcase classname="com.ninza.hrm.api.projecttest.ProjectTest" name="addSingleProjectWithCreatedTest" time="1.804"/>
  <testcase classname="com.ninza.hrm.api.projecttest.ProjectTest" name="createDuplicateProject" time="0.178"/>
  <testcase classname="com.ninza.hrm.api.baseClass.BaseAPIClass" name="@BeforeSuite configBS" time="0.0">
    <ignored/>
  </testcase> <!-- @BeforeSuite configBS -->
  <testcase classname="com.ninza.hrm.api.baseClass.BaseAPIClass" name="@AfterSuite configAS" time="0.0">
    <ignored/>
  </testcase> <!-- @AfterSuite configAS -->
</testsuite> <!-- Test -->
