<?xml version="1.0" encoding="UTF-8"?>
<!-- Generated by org.testng.reporters.JUnitReportReporter -->
<testsuite hostname="Prem" failures="0" tests="2" name="com.ninza.hrm.api.employeetest.EmployeeTest" time="4.495" errors="0" timestamp="2026-05-14T23:22:22 IST" skipped="0">
  <testcase classname="com.ninza.hrm.api.employeetest.EmployeeTest" name="addEmployeeTest" time="3.231"/>
  <testcase classname="com.ninza.hrm.api.employeetest.EmployeeTest" name="addEmployeeWithoutEmailTest" time="1.264"/>
</testsuite> <!-- com.ninza.hrm.api.employeetest.EmployeeTest -->
