<?xml version="1.0" encoding="UTF-8"?>
<!-- Generated by org.testng.reporters.JUnitReportReporter -->
<testsuite hostname="Prem" failures="0" tests="2" name="com.ninza.hrm.api.projecttest.ProjectTest" time="1.982" errors="0" timestamp="2026-05-08T12:17:31 IST" skipped="0">
  <testcase classname="com.ninza.hrm.api.projecttest.ProjectTest" name="addSingleProjectWithCreatedTest" time="1.804"/>
  <testcase classname="com.ninza.hrm.api.projecttest.ProjectTest" name="createDuplicateProject" time="0.178"/>
</testsuite> <!-- com.ninza.hrm.api.projecttest.ProjectTest -->
